\BOOKMARK [0][-]{chapter.1}{Preamble}{}% 1
\BOOKMARK [0][-]{chapter.2}{Quickstart}{}% 2
\BOOKMARK [1][-]{section.2.1}{Download and install}{chapter.2}% 3
\BOOKMARK [2][-]{subsection.2.1.1}{Download the archives from the website}{section.2.1}% 4
\BOOKMARK [2][-]{subsection.2.1.2}{Access the repository directly}{section.2.1}% 5
\BOOKMARK [2][-]{subsection.2.1.3}{Prepare your own project}{section.2.1}% 6
\BOOKMARK [1][-]{section.2.2}{Dry run of the development tools}{chapter.2}% 7
\BOOKMARK [1][-]{section.2.3}{Create an empty Peano project}{chapter.2}% 8
\BOOKMARK [1][-]{section.2.4}{A first spacetree code}{chapter.2}% 9
\BOOKMARK [1][-]{section.2.5}{Some real AMR}{chapter.2}% 10
\BOOKMARK [1][-]{section.2.6}{A tree within the spacetree}{chapter.2}% 11
\BOOKMARK [0][-]{chapter.3}{Basic Programming Course}{}% 12
\BOOKMARK [1][-]{section.3.1}{Grid creation}{chapter.3}% 13
\BOOKMARK [2][-]{subsection.3.1.1}{On the power of loosing control}{section.3.1}% 14
\BOOKMARK [2][-]{subsection.3.1.2}{What happens}{section.3.1}% 15
\BOOKMARK [2][-]{subsection.3.1.3}{Multiscale data}{section.3.1}% 16
\BOOKMARK [1][-]{section.3.2}{Logging, statistics, assertions}{chapter.3}% 17
\BOOKMARK [1][-]{section.3.3}{Unit tests}{chapter.3}% 18
\BOOKMARK [2][-]{subsection.3.3.1}{Test architecture}{section.3.3}% 19
\BOOKMARK [2][-]{subsection.3.3.2}{Test routines}{section.3.3}% 20
\BOOKMARK [1][-]{section.3.4}{Output formats}{chapter.3}% 21
\BOOKMARK [2][-]{subsection.3.4.1}{Using a predefined plotter as black box}{section.3.4}% 22
\BOOKMARK [2][-]{subsection.3.4.2}{Using a predefined plotter with tailoring}{section.3.4}% 23
\BOOKMARK [2][-]{subsection.3.4.3}{Writing my own plotter from scratch \(with the tarch\)}{section.3.4}% 24
\BOOKMARK [0][-]{chapter.4}{Applications}{}% 25
\BOOKMARK [1][-]{section.4.1}{The heat equation with an explicit Euler}{chapter.4}% 26
\BOOKMARK [2][-]{subsection.4.1.1}{Preparation}{section.4.1}% 27
\BOOKMARK [2][-]{subsection.4.1.2}{Making the plotter work}{section.4.1}% 28
\BOOKMARK [2][-]{subsection.4.1.3}{A stencil code}{section.4.1}% 29
\BOOKMARK [2][-]{subsection.4.1.4}{Multiscale data representation}{section.4.1}% 30
\BOOKMARK [2][-]{subsection.4.1.5}{Static adaptivity}{section.4.1}% 31
\BOOKMARK [2][-]{subsection.4.1.6}{Dynamic adaptivity}{section.4.1}% 32
\BOOKMARK [2][-]{subsection.4.1.7}{Global data}{section.4.1}% 33
\BOOKMARK [1][-]{section.4.2}{Matrix-free multigrid}{chapter.4}% 34
\BOOKMARK [2][-]{subsection.4.2.1}{Setup}{section.4.2}% 35
\BOOKMARK [2][-]{subsection.4.2.2}{Jacobi smoother}{section.4.2}% 36
\BOOKMARK [2][-]{subsection.4.2.3}{Environment}{section.4.2}% 37
\BOOKMARK [2][-]{subsection.4.2.4}{Dynamically adaptive Jacobi mit FAC}{section.4.2}% 38
\BOOKMARK [2][-]{subsection.4.2.5}{Multigrid}{section.4.2}% 39
\BOOKMARK [2][-]{subsection.4.2.6}{Additive Geometric Multigrid and BPX}{section.4.2}% 40
\BOOKMARK [2][-]{subsection.4.2.7}{Multiplicative Geometric Multigrid}{section.4.2}% 41
\BOOKMARK [1][-]{section.4.3}{Poisson equation with PETSc}{chapter.4}% 42
\BOOKMARK [2][-]{subsection.4.3.1}{Preparation of Peano}{section.4.3}% 43
\BOOKMARK [2][-]{subsection.4.3.2}{Connecting to PETSc}{section.4.3}% 44
\BOOKMARK [2][-]{subsection.4.3.3}{The algorithmic and realisation blueprint}{section.4.3}% 45
\BOOKMARK [2][-]{subsection.4.3.4}{Enumerating the vertices and initialising vectors and the matrix}{section.4.3}% 46
\BOOKMARK [2][-]{subsection.4.3.5}{Free the data}{section.4.3}% 47
\BOOKMARK [2][-]{subsection.4.3.6}{Solve the equation system}{section.4.3}% 48
\BOOKMARK [2][-]{subsection.4.3.7}{Explicit assembly 2/2: Assembling the right-hand side and the matrix}{section.4.3}% 49
\BOOKMARK [2][-]{subsection.4.3.8}{Retrieve properties from the PETSc data structures}{section.4.3}% 50
\BOOKMARK [1][-]{section.4.4}{A patch-based heat equation solver}{chapter.4}% 51
\BOOKMARK [2][-]{subsection.4.4.1}{Preparation}{section.4.4}% 52
\BOOKMARK [2][-]{subsection.4.4.2}{Setting up the patches}{section.4.4}% 53
\BOOKMARK [2][-]{subsection.4.4.3}{Working with patches on regular grids}{section.4.4}% 54
\BOOKMARK [2][-]{subsection.4.4.4}{Plotting}{section.4.4}% 55
\BOOKMARK [2][-]{subsection.4.4.5}{Adaptive grids}{section.4.4}% 56
\BOOKMARK [0][-]{chapter.5}{Parallel Computing}{}% 57
\BOOKMARK [1][-]{section.5.1}{Shared memory parallelisation}{chapter.5}% 58
\BOOKMARK [2][-]{subsection.5.1.1}{Preparation}{section.5.1}% 59
\BOOKMARK [2][-]{subsection.5.1.2}{Specifying concurrency levels}{section.5.1}% 60
\BOOKMARK [2][-]{subsection.5.1.3}{Ensuring inter-thread data consistency}{section.5.1}% 61
\BOOKMARK [2][-]{subsection.5.1.4}{Tailoring the oracle}{section.5.1}% 62
\BOOKMARK [2][-]{subsection.5.1.5}{Working with Peano's tasks, semaphores, locks and loops}{section.5.1}% 63
\BOOKMARK [2][-]{subsection.5.1.6}{Profiling}{section.5.1}% 64
\BOOKMARK [1][-]{section.5.2}{MPI parallelisation}{chapter.5}% 65
\BOOKMARK [2][-]{subsection.5.2.1}{Preparation}{section.5.2}% 66
\BOOKMARK [2][-]{subsection.5.2.2}{Exchanging the global state}{section.5.2}% 67
\BOOKMARK [2][-]{subsection.5.2.3}{Exchanging boundary data}{section.5.2}% 68
\BOOKMARK [2][-]{subsection.5.2.4}{Exchanging boundary data on the heap}{section.5.2}% 69
\BOOKMARK [2][-]{subsection.5.2.5}{Exchanging heap data vertically \(in-sync\)}{section.5.2}% 70
\BOOKMARK [2][-]{subsection.5.2.6}{Running global steps on all ranks and manually broadcast information from the global master}{section.5.2}% 71
\BOOKMARK [2][-]{subsection.5.2.7}{Wrap-up, preparatory work and per-sweep pre- and postprocessing on a worker}{section.5.2}% 72
\BOOKMARK [2][-]{subsection.5.2.8}{Further MPI remarks}{section.5.2}% 73
\BOOKMARK [0][-]{chapter.6}{Tuning}{}% 74
\BOOKMARK [1][-]{section.6.1}{Performance analysis}{chapter.6}% 75
\BOOKMARK [1][-]{section.6.2}{General remarks}{chapter.6}% 76
\BOOKMARK [2][-]{subsection.6.2.1}{Quick \('n not so dirty\)}{section.6.2}% 77
\BOOKMARK [2][-]{subsection.6.2.2}{Tailor your event specifications}{section.6.2}% 78
\BOOKMARK [1][-]{section.6.3}{Reducing the MPI grid setup and initial load balancing overhead}{chapter.6}% 79
\BOOKMARK [2][-]{subsection.6.3.1}{Massive grid on rank 0 with long redistribution phase afterwards}{section.6.3}% 80
\BOOKMARK [2][-]{subsection.6.3.2}{Incremental, slow decomposition with ranks running out of memory}{section.6.3}% 81
\BOOKMARK [2][-]{subsection.6.3.3}{The load balancing kicks in immediately while I build up my grid but it yields non-reasonable partitions}{section.6.3}% 82
\BOOKMARK [2][-]{subsection.6.3.4}{The load balancing seems not to use all ranks}{section.6.3}% 83
\BOOKMARK [1][-]{section.6.4}{MPI quick tuning}{chapter.6}% 84
\BOOKMARK [2][-]{subsection.6.4.1}{Filter out log statements}{section.6.4}% 85
\BOOKMARK [2][-]{subsection.6.4.2}{Switch off load balancing}{section.6.4}% 86
\BOOKMARK [2][-]{subsection.6.4.3}{Reduce data exchange with global master}{section.6.4}% 87
\BOOKMARK [2][-]{subsection.6.4.4}{Work with better balanced domains}{section.6.4}% 88
\BOOKMARK [2][-]{subsection.6.4.5}{Increase the grid regularity}{section.6.4}% 89
\BOOKMARK [2][-]{subsection.6.4.6}{Avoid races for idle ranks}{section.6.4}% 90
\BOOKMARK [1][-]{section.6.5}{Reduce MPI Synchronisation}{chapter.6}% 91
\BOOKMARK [2][-]{subsection.6.5.1}{Postpone and tailor master-worker and worker-master data exchange}{section.6.5}% 92
\BOOKMARK [2][-]{subsection.6.5.2}{Weaken synchronisation with global master}{section.6.5}% 93
\BOOKMARK [2][-]{subsection.6.5.3}{Skip worker-master data transfer locally/sporadically}{section.6.5}% 94
\BOOKMARK [1][-]{section.6.6}{Advanced MPI and boundary exchange optimisations}{chapter.6}% 95
\BOOKMARK [2][-]{subsection.6.6.1}{Temporarilty switch off vertex data exchange}{section.6.6}% 96
\BOOKMARK [2][-]{subsection.6.6.2}{Deploying cores to MPI data exchange}{section.6.6}% 97
\BOOKMARK [2][-]{subsection.6.6.3}{Further tuning}{section.6.6}% 98
\BOOKMARK [0][-]{chapter.7}{Peano coding patterns}{}% 99
\BOOKMARK [1][-]{section.7.1}{Dynamic coarsening of the grid}{chapter.7}% 100
\BOOKMARK [0][-]{chapter.8}{Troubleshooting}{}% 101
\BOOKMARK [1][-]{section.8.1}{PDT}{chapter.8}% 102
\BOOKMARK [1][-]{section.8.2}{Compilation}{chapter.8}% 103
\BOOKMARK [1][-]{section.8.3}{Programming}{chapter.8}% 104
\BOOKMARK [1][-]{section.8.4}{Application tailoring}{chapter.8}% 105
\BOOKMARK [1][-]{section.8.5}{MPI troubleshooting}{chapter.8}% 106
